node:internal/modules/esm/get_format:160
  throw new ERR_UNKNOWN_FILE_EXTENSION(ext, filepath);
        ^

TypeError [ERR_UNKNOWN_FILE_EXTENSION]: Unknown file extension ".ts" for C:\Users\chinm\bilvo\src\utils\common\crypto.ts
    at Object.getFileProtocolModuleFormat [as file:] (node:internal/modules/esm/get_format:160:9)
    at defaultGetFormat (node:internal/modules/esm/get_format:203:36)
    at defaultLoad (node:internal/modules/esm/load:143:22)
    at async ModuleLoader.load (node:internal/modules/esm/loader:396:7)
    at async ModuleLoader.moduleProvider (node:internal/modules/esm/loader:278:45) {
  code: 'ERR_UNKNOWN_FILE_EXTENSION'
}

Node.js v20.14.0
node:internal/modules/esm/get_format:160
  throw new ERR_UNKNOWN_FILE_EXTENSION(ext, filepath);
        ^

TypeError [ERR_UNKNOWN_FILE_EXTENSION]: Unknown file extension ".ts" for C:\Users\chinm\bilvo\src\utils\common\crypto.ts
    at Object.getFileProtocolModuleFormat [as file:] (node:internal/modules/esm/get_format:160:9)
    at defaultGetFormat (node:internal/modules/esm/get_format:203:36)
    at defaultLoad (node:internal/modules/esm/load:143:22)
    at async ModuleLoader.load (node:internal/modules/esm/loader:396:7)
    at async ModuleLoader.moduleProvider (node:internal/modules/esm/loader:278:45) {
  code: 'ERR_UNKNOWN_FILE_EXTENSION'
}

Node.js v20.14.0
node:internal/modules/esm/get_format:160
  throw new ERR_UNKNOWN_FILE_EXTENSION(ext, filepath);
        ^

TypeError [ERR_UNKNOWN_FILE_EXTENSION]: Unknown file extension ".ts" for C:\Users\chinm\bilvo\src\utils\common\crypto.ts
    at Object.getFileProtocolModuleFormat [as file:] (node:internal/modules/esm/get_format:160:9)
    at defaultGetFormat (node:internal/modules/esm/get_format:203:36)
    at defaultLoad (node:internal/modules/esm/load:143:22)
    at async ModuleLoader.load (node:internal/modules/esm/loader:396:7)
    at async ModuleLoader.moduleProvider (node:internal/modules/esm/loader:278:45) {
  code: 'ERR_UNKNOWN_FILE_EXTENSION'
}

Node.js v20.14.0
node:internal/modules/esm/get_format:160
  throw new ERR_UNKNOWN_FILE_EXTENSION(ext, filepath);
        ^

TypeError [ERR_UNKNOWN_FILE_EXTENSION]: Unknown file extension ".ts" for C:\Users\chinm\bilvo\src\utils\common\crypto.ts
    at Object.getFileProtocolModuleFormat [as file:] (node:internal/modules/esm/get_format:160:9)
    at defaultGetFormat (node:internal/modules/esm/get_format:203:36)
    at defaultLoad (node:internal/modules/esm/load:143:22)
    at async ModuleLoader.load (node:internal/modules/esm/loader:396:7)
    at async ModuleLoader.moduleProvider (node:internal/modules/esm/loader:278:45) {
  code: 'ERR_UNKNOWN_FILE_EXTENSION'
}

Node.js v20.14.0
node:internal/modules/esm/get_format:160
  throw new ERR_UNKNOWN_FILE_EXTENSION(ext, filepath);
        ^

TypeError [ERR_UNKNOWN_FILE_EXTENSION]: Unknown file extension ".ts" for C:\Users\chinm\bilvo\src\utils\common\crypto.ts
    at Object.getFileProtocolModuleFormat [as file:] (node:internal/modules/esm/get_format:160:9)
    at defaultGetFormat (node:internal/modules/esm/get_format:203:36)
    at defaultLoad (node:internal/modules/esm/load:143:22)
    at async ModuleLoader.load (node:internal/modules/esm/loader:396:7)
    at async ModuleLoader.moduleProvider (node:internal/modules/esm/loader:278:45) {
  code: 'ERR_UNKNOWN_FILE_EXTENSION'
}

Node.js v20.14.0
node:internal/modules/esm/get_format:160
  throw new ERR_UNKNOWN_FILE_EXTENSION(ext, filepath);
        ^

TypeError [ERR_UNKNOWN_FILE_EXTENSION]: Unknown file extension ".ts" for C:\Users\chinm\bilvo\src\utils\common\crypto.ts
    at Object.getFileProtocolModuleFormat [as file:] (node:internal/modules/esm/get_format:160:9)
    at defaultGetFormat (node:internal/modules/esm/get_format:203:36)
    at defaultLoad (node:internal/modules/esm/load:143:22)
    at async ModuleLoader.load (node:internal/modules/esm/loader:396:7)
    at async ModuleLoader.moduleProvider (node:internal/modules/esm/loader:278:45) {
  code: 'ERR_UNKNOWN_FILE_EXTENSION'
}

Node.js v20.14.0
node:internal/modules/esm/get_format:160
  throw new ERR_UNKNOWN_FILE_EXTENSION(ext, filepath);
        ^

TypeError [ERR_UNKNOWN_FILE_EXTENSION]: Unknown file extension ".ts" for C:\Users\chinm\bilvo\src\utils\common\crypto.ts
    at Object.getFileProtocolModuleFormat [as file:] (node:internal/modules/esm/get_format:160:9)
    at defaultGetFormat (node:internal/modules/esm/get_format:203:36)
    at defaultLoad (node:internal/modules/esm/load:143:22)
    at async ModuleLoader.load (node:internal/modules/esm/loader:396:7)
    at async ModuleLoader.moduleProvider (node:internal/modules/esm/loader:278:45) {
  code: 'ERR_UNKNOWN_FILE_EXTENSION'
}

Node.js v20.14.0
node:internal/modules/esm/get_format:160
  throw new ERR_UNKNOWN_FILE_EXTENSION(ext, filepath);
        ^

TypeError [ERR_UNKNOWN_FILE_EXTENSION]: Unknown file extension ".ts" for C:\Users\chinm\bilvo\src\utils\common\crypto.ts
    at Object.getFileProtocolModuleFormat [as file:] (node:internal/modules/esm/get_format:160:9)
    at defaultGetFormat (node:internal/modules/esm/get_format:203:36)
    at defaultLoad (node:internal/modules/esm/load:143:22)
    at async ModuleLoader.load (node:internal/modules/esm/loader:396:7)
    at async ModuleLoader.moduleProvider (node:internal/modules/esm/loader:278:45) {
  code: 'ERR_UNKNOWN_FILE_EXTENSION'
}

Node.js v20.14.0
node:internal/modules/esm/get_format:160
  throw new ERR_UNKNOWN_FILE_EXTENSION(ext, filepath);
        ^

TypeError [ERR_UNKNOWN_FILE_EXTENSION]: Unknown file extension ".ts" for C:\Users\chinm\bilvo\src\utils\common\crypto.ts
    at Object.getFileProtocolModuleFormat [as file:] (node:internal/modules/esm/get_format:160:9)
    at defaultGetFormat (node:internal/modules/esm/get_format:203:36)
    at defaultLoad (node:internal/modules/esm/load:143:22)
    at async ModuleLoader.load (node:internal/modules/esm/loader:396:7)
    at async ModuleLoader.moduleProvider (node:internal/modules/esm/loader:278:45) {
  code: 'ERR_UNKNOWN_FILE_EXTENSION'
}

Node.js v20.14.0
node:internal/modules/esm/get_format:160
  throw new ERR_UNKNOWN_FILE_EXTENSION(ext, filepath);
        ^

TypeError [ERR_UNKNOWN_FILE_EXTENSION]: Unknown file extension ".ts" for C:\Users\chinm\bilvo\src\utils\common\crypto.ts
    at Object.getFileProtocolModuleFormat [as file:] (node:internal/modules/esm/get_format:160:9)
    at defaultGetFormat (node:internal/modules/esm/get_format:203:36)
    at defaultLoad (node:internal/modules/esm/load:143:22)
    at async ModuleLoader.load (node:internal/modules/esm/loader:396:7)
    at async ModuleLoader.moduleProvider (node:internal/modules/esm/loader:278:45) {
  code: 'ERR_UNKNOWN_FILE_EXTENSION'
}

Node.js v20.14.0
node:internal/modules/esm/get_format:160
  throw new ERR_UNKNOWN_FILE_EXTENSION(ext, filepath);
        ^

TypeError [ERR_UNKNOWN_FILE_EXTENSION]: Unknown file extension ".ts" for C:\Users\chinm\bilvo\src\utils\common\crypto.ts
    at Object.getFileProtocolModuleFormat [as file:] (node:internal/modules/esm/get_format:160:9)
    at defaultGetFormat (node:internal/modules/esm/get_format:203:36)
    at defaultLoad (node:internal/modules/esm/load:143:22)
    at async ModuleLoader.load (node:internal/modules/esm/loader:396:7)
    at async ModuleLoader.moduleProvider (node:internal/modules/esm/loader:278:45) {
  code: 'ERR_UNKNOWN_FILE_EXTENSION'
}

Node.js v20.14.0
node:internal/modules/esm/get_format:160
  throw new ERR_UNKNOWN_FILE_EXTENSION(ext, filepath);
        ^

TypeError [ERR_UNKNOWN_FILE_EXTENSION]: Unknown file extension ".ts" for C:\Users\chinm\bilvo\src\utils\common\crypto.ts
    at Object.getFileProtocolModuleFormat [as file:] (node:internal/modules/esm/get_format:160:9)
    at defaultGetFormat (node:internal/modules/esm/get_format:203:36)
    at defaultLoad (node:internal/modules/esm/load:143:22)
    at async ModuleLoader.load (node:internal/modules/esm/loader:396:7)
    at async ModuleLoader.moduleProvider (node:internal/modules/esm/loader:278:45) {
  code: 'ERR_UNKNOWN_FILE_EXTENSION'
}

Node.js v20.14.0
node:internal/modules/esm/get_format:160
  throw new ERR_UNKNOWN_FILE_EXTENSION(ext, filepath);
        ^

TypeError [ERR_UNKNOWN_FILE_EXTENSION]: Unknown file extension ".ts" for C:\Users\chinm\bilvo\src\utils\common\crypto.ts
    at Object.getFileProtocolModuleFormat [as file:] (node:internal/modules/esm/get_format:160:9)
    at defaultGetFormat (node:internal/modules/esm/get_format:203:36)
    at defaultLoad (node:internal/modules/esm/load:143:22)
    at async ModuleLoader.load (node:internal/modules/esm/loader:396:7)
    at async ModuleLoader.moduleProvider (node:internal/modules/esm/loader:278:45) {
  code: 'ERR_UNKNOWN_FILE_EXTENSION'
}

Node.js v20.14.0
node:internal/modules/esm/get_format:160
  throw new ERR_UNKNOWN_FILE_EXTENSION(ext, filepath);
        ^

TypeError [ERR_UNKNOWN_FILE_EXTENSION]: Unknown file extension ".ts" for C:\Users\chinm\bilvo\src\utils\common\crypto.ts
    at Object.getFileProtocolModuleFormat [as file:] (node:internal/modules/esm/get_format:160:9)
    at defaultGetFormat (node:internal/modules/esm/get_format:203:36)
    at defaultLoad (node:internal/modules/esm/load:143:22)
    at async ModuleLoader.load (node:internal/modules/esm/loader:396:7)
    at async ModuleLoader.moduleProvider (node:internal/modules/esm/loader:278:45) {
  code: 'ERR_UNKNOWN_FILE_EXTENSION'
}

Node.js v20.14.0
node:internal/modules/esm/get_format:160
  throw new ERR_UNKNOWN_FILE_EXTENSION(ext, filepath);
        ^

TypeError [ERR_UNKNOWN_FILE_EXTENSION]: Unknown file extension ".ts" for C:\Users\chinm\bilvo\src\utils\common\crypto.ts
    at Object.getFileProtocolModuleFormat [as file:] (node:internal/modules/esm/get_format:160:9)
    at defaultGetFormat (node:internal/modules/esm/get_format:203:36)
    at defaultLoad (node:internal/modules/esm/load:143:22)
    at async ModuleLoader.load (node:internal/modules/esm/loader:396:7)
    at async ModuleLoader.moduleProvider (node:internal/modules/esm/loader:278:45) {
  code: 'ERR_UNKNOWN_FILE_EXTENSION'
}

Node.js v20.14.0
node:internal/modules/esm/get_format:160
  throw new ERR_UNKNOWN_FILE_EXTENSION(ext, filepath);
        ^

TypeError [ERR_UNKNOWN_FILE_EXTENSION]: Unknown file extension ".ts" for C:\Users\chinm\bilvo\src\utils\common\crypto.ts
    at Object.getFileProtocolModuleFormat [as file:] (node:internal/modules/esm/get_format:160:9)
    at defaultGetFormat (node:internal/modules/esm/get_format:203:36)
    at defaultLoad (node:internal/modules/esm/load:143:22)
    at async ModuleLoader.load (node:internal/modules/esm/loader:396:7)
    at async ModuleLoader.moduleProvider (node:internal/modules/esm/loader:278:45) {
  code: 'ERR_UNKNOWN_FILE_EXTENSION'
}

Node.js v20.14.0
node:internal/modules/esm/get_format:160
  throw new ERR_UNKNOWN_FILE_EXTENSION(ext, filepath);
        ^

TypeError [ERR_UNKNOWN_FILE_EXTENSION]: Unknown file extension ".ts" for C:\Users\chinm\bilvo\src\utils\common\crypto.ts
    at Object.getFileProtocolModuleFormat [as file:] (node:internal/modules/esm/get_format:160:9)
    at defaultGetFormat (node:internal/modules/esm/get_format:203:36)
    at defaultLoad (node:internal/modules/esm/load:143:22)
    at async ModuleLoader.load (node:internal/modules/esm/loader:396:7)
    at async ModuleLoader.moduleProvider (node:internal/modules/esm/loader:278:45) {
  code: 'ERR_UNKNOWN_FILE_EXTENSION'
}

Node.js v20.14.0
node:internal/modules/esm/get_format:160
  throw new ERR_UNKNOWN_FILE_EXTENSION(ext, filepath);
        ^

TypeError [ERR_UNKNOWN_FILE_EXTENSION]: Unknown file extension ".ts" for C:\Users\chinm\bilvo\src\utils\common\crypto.ts
    at Object.getFileProtocolModuleFormat [as file:] (node:internal/modules/esm/get_format:160:9)
    at defaultGetFormat (node:internal/modules/esm/get_format:203:36)
    at defaultLoad (node:internal/modules/esm/load:143:22)
    at async ModuleLoader.load (node:internal/modules/esm/loader:396:7)
    at async ModuleLoader.moduleProvider (node:internal/modules/esm/loader:278:45) {
  code: 'ERR_UNKNOWN_FILE_EXTENSION'
}

Node.js v20.14.0
node:internal/modules/esm/get_format:160
  throw new ERR_UNKNOWN_FILE_EXTENSION(ext, filepath);
        ^

TypeError [ERR_UNKNOWN_FILE_EXTENSION]: Unknown file extension ".ts" for C:\Users\chinm\bilvo\src\utils\common\crypto.ts
    at Object.getFileProtocolModuleFormat [as file:] (node:internal/modules/esm/get_format:160:9)
    at defaultGetFormat (node:internal/modules/esm/get_format:203:36)
    at defaultLoad (node:internal/modules/esm/load:143:22)
    at async ModuleLoader.load (node:internal/modules/esm/loader:396:7)
    at async ModuleLoader.moduleProvider (node:internal/modules/esm/loader:278:45) {
  code: 'ERR_UNKNOWN_FILE_EXTENSION'
}

Node.js v20.14.0
node:internal/modules/esm/get_format:160
  throw new ERR_UNKNOWN_FILE_EXTENSION(ext, filepath);
        ^

TypeError [ERR_UNKNOWN_FILE_EXTENSION]: Unknown file extension ".ts" for C:\Users\chinm\bilvo\src\utils\common\crypto.ts
    at Object.getFileProtocolModuleFormat [as file:] (node:internal/modules/esm/get_format:160:9)
    at defaultGetFormat (node:internal/modules/esm/get_format:203:36)
    at defaultLoad (node:internal/modules/esm/load:143:22)
    at async ModuleLoader.load (node:internal/modules/esm/loader:396:7)
    at async ModuleLoader.moduleProvider (node:internal/modules/esm/loader:278:45) {
  code: 'ERR_UNKNOWN_FILE_EXTENSION'
}

Node.js v20.14.0
node:internal/modules/esm/get_format:160
  throw new ERR_UNKNOWN_FILE_EXTENSION(ext, filepath);
        ^

TypeError [ERR_UNKNOWN_FILE_EXTENSION]: Unknown file extension ".ts" for C:\Users\chinm\bilvo\src\utils\common\crypto.ts
    at Object.getFileProtocolModuleFormat [as file:] (node:internal/modules/esm/get_format:160:9)
    at defaultGetFormat (node:internal/modules/esm/get_format:203:36)
    at defaultLoad (node:internal/modules/esm/load:143:22)
    at async ModuleLoader.load (node:internal/modules/esm/loader:396:7)
    at async ModuleLoader.moduleProvider (node:internal/modules/esm/loader:278:45) {
  code: 'ERR_UNKNOWN_FILE_EXTENSION'
}

Node.js v20.14.0
node:internal/modules/esm/get_format:160
  throw new ERR_UNKNOWN_FILE_EXTENSION(ext, filepath);
        ^

TypeError [ERR_UNKNOWN_FILE_EXTENSION]: Unknown file extension ".ts" for C:\Users\chinm\bilvo\src\utils\common\crypto.ts
    at Object.getFileProtocolModuleFormat [as file:] (node:internal/modules/esm/get_format:160:9)
    at defaultGetFormat (node:internal/modules/esm/get_format:203:36)
    at defaultLoad (node:internal/modules/esm/load:143:22)
    at async ModuleLoader.load (node:internal/modules/esm/loader:396:7)
    at async ModuleLoader.moduleProvider (node:internal/modules/esm/loader:278:45) {
  code: 'ERR_UNKNOWN_FILE_EXTENSION'
}

Node.js v20.14.0
node:internal/modules/esm/get_format:160
  throw new ERR_UNKNOWN_FILE_EXTENSION(ext, filepath);
        ^

TypeError [ERR_UNKNOWN_FILE_EXTENSION]: Unknown file extension ".ts" for C:\Users\chinm\bilvo\src\utils\common\crypto.ts
    at Object.getFileProtocolModuleFormat [as file:] (node:internal/modules/esm/get_format:160:9)
    at defaultGetFormat (node:internal/modules/esm/get_format:203:36)
    at defaultLoad (node:internal/modules/esm/load:143:22)
    at async ModuleLoader.load (node:internal/modules/esm/loader:396:7)
    at async ModuleLoader.moduleProvider (node:internal/modules/esm/loader:278:45) {
  code: 'ERR_UNKNOWN_FILE_EXTENSION'
}

Node.js v20.14.0
node:internal/modules/esm/get_format:160
  throw new ERR_UNKNOWN_FILE_EXTENSION(ext, filepath);
        ^

TypeError [ERR_UNKNOWN_FILE_EXTENSION]: Unknown file extension ".ts" for C:\Users\chinm\bilvo\src\utils\common\crypto.ts
    at Object.getFileProtocolModuleFormat [as file:] (node:internal/modules/esm/get_format:160:9)
    at defaultGetFormat (node:internal/modules/esm/get_format:203:36)
    at defaultLoad (node:internal/modules/esm/load:143:22)
    at async ModuleLoader.load (node:internal/modules/esm/loader:396:7)
    at async ModuleLoader.moduleProvider (node:internal/modules/esm/loader:278:45) {
  code: 'ERR_UNKNOWN_FILE_EXTENSION'
}

Node.js v20.14.0
node:internal/modules/esm/get_format:160
  throw new ERR_UNKNOWN_FILE_EXTENSION(ext, filepath);
        ^

TypeError [ERR_UNKNOWN_FILE_EXTENSION]: Unknown file extension ".ts" for C:\Users\chinm\bilvo\src\utils\common\crypto.ts
    at Object.getFileProtocolModuleFormat [as file:] (node:internal/modules/esm/get_format:160:9)
    at defaultGetFormat (node:internal/modules/esm/get_format:203:36)
    at defaultLoad (node:internal/modules/esm/load:143:22)
    at async ModuleLoader.load (node:internal/modules/esm/loader:396:7)
    at async ModuleLoader.moduleProvider (node:internal/modules/esm/loader:278:45) {
  code: 'ERR_UNKNOWN_FILE_EXTENSION'
}

Node.js v20.14.0
node:internal/modules/esm/get_format:160
  throw new ERR_UNKNOWN_FILE_EXTENSION(ext, filepath);
        ^

TypeError [ERR_UNKNOWN_FILE_EXTENSION]: Unknown file extension ".ts" for C:\Users\chinm\bilvo\src\utils\common\crypto.ts
    at Object.getFileProtocolModuleFormat [as file:] (node:internal/modules/esm/get_format:160:9)
    at defaultGetFormat (node:internal/modules/esm/get_format:203:36)
    at defaultLoad (node:internal/modules/esm/load:143:22)
    at async ModuleLoader.load (node:internal/modules/esm/loader:396:7)
    at async ModuleLoader.moduleProvider (node:internal/modules/esm/loader:278:45) {
  code: 'ERR_UNKNOWN_FILE_EXTENSION'
}

Node.js v20.14.0
node:internal/modules/esm/get_format:160
  throw new ERR_UNKNOWN_FILE_EXTENSION(ext, filepath);
        ^

TypeError [ERR_UNKNOWN_FILE_EXTENSION]: Unknown file extension ".ts" for C:\Users\chinm\bilvo\src\utils\common\crypto.ts
    at Object.getFileProtocolModuleFormat [as file:] (node:internal/modules/esm/get_format:160:9)
    at defaultGetFormat (node:internal/modules/esm/get_format:203:36)
    at defaultLoad (node:internal/modules/esm/load:143:22)
    at async ModuleLoader.load (node:internal/modules/esm/loader:396:7)
    at async ModuleLoader.moduleProvider (node:internal/modules/esm/loader:278:45) {
  code: 'ERR_UNKNOWN_FILE_EXTENSION'
}

Node.js v20.14.0
